<?xml version="1.0" encoding="UTF-8"?>
<testsuite name="PlaywrightJavaPOM"
           tests="1"
           failures="1"
           errors="0"
           skipped="0"
           time="27,603">
    <properties></properties>

            <testcase
                name="signupTest"
                time="27,603"
                classname="google.tests.SignupTest">

            <failure type="org.opentest4j.AssertionFailedError" message="Locator expected to have text: Your passwords matchs!
Received: Your passwords match!

Call log:
  - Locator.expect with timeout 5000ms
  - waiting for locator(&quot;span.c-input-error-message.cdi-input-success-message&quot;)
    8 × locator resolved to &lt;span aria-live=&quot;polite&quot; id=&quot;1234-4321-2345234543&quot; class=&quot;c-input-error-message cdi-input-success-message&quot;&gt;…&lt;/span&gt;
      - unexpected value &quot;Your passwords match!&quot;">
                <![CDATA[org.opentest4j.AssertionFailedError: Locator expected to have text: Your passwords matchs!
Received: Your passwords match!

Call log:
  - Locator.expect with timeout 5000ms
  - waiting for locator("span.c-input-error-message.cdi-input-success-message")
    8 × locator resolved to <span aria-live="polite" id="1234-4321-2345234543" class="c-input-error-message cdi-input-success-message">…</span>
      - unexpected value "Your passwords match!"
                com.microsoft.playwright.impl.AssertionsBase.expectImpl(AssertionsBase.java:74)com.microsoft.playwright.impl.AssertionsBase.expectImpl(AssertionsBase.java:51)com.microsoft.playwright.impl.AssertionsBase.expectImpl(AssertionsBase.java:42)com.microsoft.playwright.impl.LocatorAssertionsImpl.hasText(LocatorAssertionsImpl.java:254)com.microsoft.playwright.assertions.LocatorAssertions.hasText(LocatorAssertions.java:1741)google.tests.SignupTest.signupTest(SignupTest.java:38)java.base/jdk.internal.reflect.NativeMethodAccessorImpl.invoke0(Native Method)java.base/jdk.internal.reflect.NativeMethodAccessorImpl.invoke(NativeMethodAccessorImpl.java:77)java.base/jdk.internal.reflect.DelegatingMethodAccessorImpl.invoke(DelegatingMethodAccessorImpl.java:43)java.base/java.lang.reflect.Method.invoke(Method.java:568)org.testng.internal.invokers.MethodInvocationHelper.invokeMethod(MethodInvocationHelper.java:141)org.testng.internal.invokers.TestInvoker.invokeMethod(TestInvoker.java:686)org.testng.internal.invokers.TestInvoker.invokeTestMethod(TestInvoker.java:230)org.testng.internal.invokers.MethodRunner.runInSequence(MethodRunner.java:63)org.testng.internal.invokers.TestInvoker$MethodInvocationAgent.invoke(TestInvoker.java:992)org.testng.internal.invokers.TestInvoker.invokeTestMethods(TestInvoker.java:203)org.testng.internal.invokers.TestMethodWorker.invokeTestMethods(TestMethodWorker.java:154)org.testng.internal.invokers.TestMethodWorker.run(TestMethodWorker.java:134)java.base/java.util.ArrayList.forEach(ArrayList.java:1511)org.testng.TestRunner.privateRun(TestRunner.java:739)org.testng.TestRunner.run(TestRunner.java:614)org.testng.SuiteRunner.runTest(SuiteRunner.java:421)org.testng.SuiteRunner.runSequentially(SuiteRunner.java:413)org.testng.SuiteRunner.privateRun(SuiteRunner.java:373)org.testng.SuiteRunner.run(SuiteRunner.java:312)org.testng.SuiteRunnerWorker.runSuite(SuiteRunnerWorker.java:52)org.testng.SuiteRunnerWorker.run(SuiteRunnerWorker.java:95)org.testng.TestNG.runSuitesSequentially(TestNG.java:1274)org.testng.TestNG.runSuitesLocally(TestNG.java:1208)org.testng.TestNG.runSuites(TestNG.java:1112)org.testng.TestNG.run(TestNG.java:1079)com.intellij.rt.testng.IDEARemoteTestNG.run(IDEARemoteTestNG.java:65)com.intellij.rt.testng.RemoteTestNGStarter.main(RemoteTestNGStarter.java:105)
]]>
            </failure>
    </testcase>


</testsuite>
